Determining if the pthread_create exist failed with the following output:
Change Dir: /home/yoyo/scop/glfw/CMakeFiles/CMakeTmp

Run Build Command:"/usr/bin/make" "cmTC_bd354/fast"
make[1] : on entre dans le répertoire « /home/yoyo/scop/glfw/CMakeFiles/CMakeTmp »
/usr/bin/make -f CMakeFiles/cmTC_bd354.dir/build.make CMakeFiles/cmTC_bd354.dir/build
make[2] : on entre dans le répertoire « /home/yoyo/scop/glfw/CMakeFiles/CMakeTmp »
Building C object CMakeFiles/cmTC_bd354.dir/CheckSymbolExists.c.o
/usr/bin/cc    -o CMakeFiles/cmTC_bd354.dir/CheckSymbolExists.c.o   -c /home/yoyo/scop/glfw/CMakeFiles/CMakeTmp/CheckSymbolExists.c
Linking C executable cmTC_bd354
/usr/bin/cmake -E cmake_link_script CMakeFiles/cmTC_bd354.dir/link.txt --verbose=1
/usr/bin/cc      -rdynamic CMakeFiles/cmTC_bd354.dir/CheckSymbolExists.c.o  -o cmTC_bd354 
CMakeFiles/cmTC_bd354.dir/CheckSymbolExists.c.o : Dans la fonction « main » :
CheckSymbolExists.c:(.text+0x1b) : référence indéfinie vers « pthread_create »
collect2: error: ld a retourné le statut de sortie 1
make[2]: *** [CMakeFiles/cmTC_bd354.dir/build.make:98: cmTC_bd354] Error 1
make[2] : on quitte le répertoire « /home/yoyo/scop/glfw/CMakeFiles/CMakeTmp »
make[1]: *** [Makefile:126: cmTC_bd354/fast] Error 2
make[1] : on quitte le répertoire « /home/yoyo/scop/glfw/CMakeFiles/CMakeTmp »

File /home/yoyo/scop/glfw/CMakeFiles/CMakeTmp/CheckSymbolExists.c:
/* */
#include <pthread.h>

int main(int argc, char** argv)
{
  (void)argv;
#ifndef pthread_create
  return ((int*)(&pthread_create))[argc];
#else
  (void)argc;
  return 0;
#endif
}

Determining if the function pthread_create exists in the pthreads failed with the following output:
Change Dir: /home/yoyo/scop/glfw/CMakeFiles/CMakeTmp

Run Build Command:"/usr/bin/make" "cmTC_d984c/fast"
make[1] : on entre dans le répertoire « /home/yoyo/scop/glfw/CMakeFiles/CMakeTmp »
/usr/bin/make -f CMakeFiles/cmTC_d984c.dir/build.make CMakeFiles/cmTC_d984c.dir/build
make[2] : on entre dans le répertoire « /home/yoyo/scop/glfw/CMakeFiles/CMakeTmp »
Building C object CMakeFiles/cmTC_d984c.dir/CheckFunctionExists.c.o
/usr/bin/cc   -DCHECK_FUNCTION_EXISTS=pthread_create   -o CMakeFiles/cmTC_d984c.dir/CheckFunctionExists.c.o   -c /usr/share/cmake-3.8/Modules/CheckFunctionExists.c
Linking C executable cmTC_d984c
/usr/bin/cmake -E cmake_link_script CMakeFiles/cmTC_d984c.dir/link.txt --verbose=1
/usr/bin/cc  -DCHECK_FUNCTION_EXISTS=pthread_create    -rdynamic CMakeFiles/cmTC_d984c.dir/CheckFunctionExists.c.o  -o cmTC_d984c -lpthreads 
/usr/bin/ld : ne peut trouver -lpthreads
collect2: error: ld a retourné le statut de sortie 1
make[2]: *** [CMakeFiles/cmTC_d984c.dir/build.make:98: cmTC_d984c] Error 1
make[2] : on quitte le répertoire « /home/yoyo/scop/glfw/CMakeFiles/CMakeTmp »
make[1]: *** [Makefile:126: cmTC_d984c/fast] Error 2
make[1] : on quitte le répertoire « /home/yoyo/scop/glfw/CMakeFiles/CMakeTmp »


